#
# There is insufficient memory for the Java Runtime Environment to continue.
# Native memory allocation (mmap) failed to map 268435456 bytes. Error detail: G1 virtual space
# Possible reasons:
#   The system is out of physical RAM or swap space
#   This process is running with CompressedOops enabled, and the Java Heap may be blocking the growth of the native heap
# Possible solutions:
#   Reduce memory load on the system
#   Increase physical memory or swap space
#   Check if swap backing store is full
#   Decrease Java heap size (-Xmx/-Xms)
#   Decrease number of Java threads
#   Decrease Java thread stack sizes (-Xss)
#   Set larger code cache with -XX:ReservedCodeCacheSize=
#   JVM is running with Zero Based Compressed Oops mode in which the Java heap is
#     placed in the first 32GB address space. The Java Heap base address is the
#     maximum limit for the native heap growth. Please use -XX:HeapBaseMinAddress
#     to set the Java Heap base and to place the Java Heap above 32GB virtual address.
# This output file may be truncated or incomplete.
#
#  Out of Memory Error (os_windows.cpp:3703), pid=19668, tid=25628
#
# JRE version:  (23.0+37) (build )
# Java VM: OpenJDK 64-Bit Server VM (23+37, mixed mode, sharing, tiered, compressed oops, compressed class ptrs, g1 gc, windows-amd64)
# No core dump will be written. Minidumps are not enabled by default on client versions of Windows
#

---------------  S U M M A R Y ------------

Command Line: -Dfile.encoding=UTF-8 -Dstdout.encoding=UTF-8 -Dstderr.encoding=UTF-8 --module-path=C:\Users\igor6\Downloads\mysql-connector-j-9.0.0\mysql-connector-j-9.0.0\mysql-connector-j-9.0.0.jar -XX:+ShowCodeDetailsInExceptionMessages br.com.aula.conexao.Main

Host: AMD Ryzen 7 5700X 8-Core Processor             , 16 cores, 15G,  Windows 11 , 64 bit Build 26100 (10.0.26100.2161)
Time: Sun Nov 10 19:57:42 2024 Hora oficial do Brasil elapsed time: 0.008043 seconds (0d 0h 0m 0s)

---------------  T H R E A D  ---------------

Current thread (0x00000150042ef120):  JavaThread "Unknown thread" [_thread_in_vm, id=25628, stack(0x0000002cc5c00000,0x0000002cc5d00000) (1024K)]

Stack: [0x0000002cc5c00000,0x0000002cc5d00000]
Native frames: (J=compiled Java code, j=interpreted, Vv=VM code, C=native code)
V  [jvm.dll+0x6e8c69]  (no source info available)
V  [jvm.dll+0x8d9073]  (no source info available)
V  [jvm.dll+0x8db4fe]  (no source info available)
V  [jvm.dll+0x8dbbd3]  (no source info available)
V  [jvm.dll+0x281aa6]  (no source info available)
V  [jvm.dll+0x6e5565]  (no source info available)
V  [jvm.dll+0x6d957a]  (no source info available)
V  [jvm.dll+0x3625fa]  (no source info available)
V  [jvm.dll+0x36aa26]  (no source info available)
V  [jvm.dll+0x356fce]  (no source info available)
V  [jvm.dll+0x357268]  (no source info available)
V  [jvm.dll+0x32fbfc]  (no source info available)
V  [jvm.dll+0x33089e]  (no source info available)
V  [jvm.dll+0x89f915]  (no source info available)
V  [jvm.dll+0x3bfe88]  (no source info available)
V  [jvm.dll+0x88845c]  (no source info available)
V  [jvm.dll+0x45a16e]  (no source info available)
V  [jvm.dll+0x45bf81]  (no source info available)
C  [jli.dll+0x5278]  (no source info available)
C  [ucrtbase.dll+0x14ea0]  (no source info available)
C  [KERNEL32.DLL+0x2dbe7]  (no source info available)
C  [ntdll.dll+0xdfbec]  (no source info available)

Lock stack of current Java thread (top to bottom):


---------------  P R O C E S S  ---------------

Threads class SMR info:
_java_thread_list=0x00007ffbecf58ad8, length=0, elements={
}

Java Threads: ( => current thread )
Total: 0

Other Threads:
  0x00000150067635c0 WorkerThread "GC Thread#0"                     [id=10676, stack(0x0000002cc5d00000,0x0000002cc5e00000) (1024K)]
  0x00000150067b3320 ConcurrentGCThread "G1 Main Marker"            [id=18176, stack(0x0000002cc5e00000,0x0000002cc5f00000) (1024K)]
  0x00000150067b3e30 WorkerThread "G1 Conc#0"                       [id=27228, stack(0x0000002cc5f00000,0x0000002cc6000000) (1024K)]

[error occurred during error reporting (printing all threads), id 0xc0000005, EXCEPTION_ACCESS_VIOLATION (0xc0000005) at pc=0x00007ffbec63326a]
VM state: not at safepoint (not fully initialized)

VM Mutex/Monitor currently owned by a thread:  ([mutex/lock_event])
[0x00007ffbecfdbe70] Heap_lock - owner thread: 0x00000150042ef120

Heap address: 0x0000000701600000, size: 4074 MB, Compressed Oops mode: Zero based, Oop shift amount: 3

CDS archive(s) mapped at: [0x0000000000000000-0x0000000000000000-0x0000000000000000), size 0, SharedBaseAddress: 0x0000000800000000, ArchiveRelocationMode: 1.
Narrow klass base: 0x0000000000000000, Narrow klass shift: 0, Narrow klass range: 0x0

GC Precious Log:
 CardTable entry size: 512
 Card Set container configuration: InlinePtr #cards 4 size 8 Array Of Cards #cards 16 size 48 Howl #buckets 8 coarsen threshold 3686 Howl Bitmap #cards 512 size 80 coarsen threshold 460 Card regions per heap region 1 cards per card region 4096

Heap:
 garbage-first heap   total reserved 4171776K, committed 0K, used 0K [0x0000000701600000, 0x0000000800000000)
  region size 2048K, 0 young (0K), 0 survivors (0K)

[error occurred during error reporting (printing heap information), id 0xc0000005, EXCEPTION_ACCESS_VIOLATION (0xc0000005) at pc=0x00007ffbeca351e9]
GC Heap History (0 events):
No events

Dll operation events (1 events):
Event: 0.006 Loaded shared library C:\Users\igor6\.p2\pool\plugins\org.eclipse.justj.openjdk.hotspot.jre.full.win32.x86_64_23.0.0.v20240919-1706\jre\bin\java.dll

Deoptimization events (0 events):
No events

Classes loaded (0 events):
No events

Classes unloaded (0 events):
No events

Classes redefined (0 events):
No events

Internal exceptions (0 events):
No events

VM Operations (0 events):
No events

Memory protections (0 events):
No events

Nmethod flushes (0 events):
No events

Events (0 events):
No events


Dynamic libraries:
0x00007ff778da0000 - 0x00007ff778dae000 	C:\Users\igor6\.p2\pool\plugins\org.eclipse.justj.openjdk.hotspot.jre.full.win32.x86_64_23.0.0.v20240919-1706\jre\bin\javaw.exe
0x00007ffcb92c0000 - 0x00007ffcb9523000 	C:\WINDOWS\SYSTEM32\ntdll.dll
0x00007ffcb7130000 - 0x00007ffcb71f8000 	C:\WINDOWS\System32\KERNEL32.DLL
0x00007ffcb6b40000 - 0x00007ffcb6ef1000 	C:\WINDOWS\System32\KERNELBASE.dll
0x00007ffcb6770000 - 0x00007ffcb68bb000 	C:\WINDOWS\System32\ucrtbase.dll
0x00007ffc9db40000 - 0x00007ffc9db57000 	C:\Users\igor6\.p2\pool\plugins\org.eclipse.justj.openjdk.hotspot.jre.full.win32.x86_64_23.0.0.v20240919-1706\jre\bin\jli.dll
0x00007ffc9d680000 - 0x00007ffc9d69b000 	C:\Users\igor6\.p2\pool\plugins\org.eclipse.justj.openjdk.hotspot.jre.full.win32.x86_64_23.0.0.v20240919-1706\jre\bin\VCRUNTIME140.dll
0x00007ffcb8f40000 - 0x00007ffcb9108000 	C:\WINDOWS\System32\USER32.dll
0x00007ffcb6b10000 - 0x00007ffcb6b37000 	C:\WINDOWS\System32\win32u.dll
0x00007ffc98d60000 - 0x00007ffc98ff0000 	C:\WINDOWS\WinSxS\amd64_microsoft.windows.common-controls_6595b64144ccf1df_6.0.26100.2161_none_3e0cadb0e33078e1\COMCTL32.dll
0x00007ffcb8440000 - 0x00007ffcb846a000 	C:\WINDOWS\System32\GDI32.dll
0x00007ffcb8e20000 - 0x00007ffcb8ec9000 	C:\WINDOWS\System32\msvcrt.dll
0x00007ffcb6940000 - 0x00007ffcb6a65000 	C:\WINDOWS\System32\gdi32full.dll
0x00007ffcb6f00000 - 0x00007ffcb6fa3000 	C:\WINDOWS\System32\msvcp_win.dll
0x00007ffcb8ef0000 - 0x00007ffcb8f1f000 	C:\WINDOWS\System32\IMM32.DLL
0x00007ffca4260000 - 0x00007ffca426c000 	C:\Users\igor6\.p2\pool\plugins\org.eclipse.justj.openjdk.hotspot.jre.full.win32.x86_64_23.0.0.v20240919-1706\jre\bin\vcruntime140_1.dll
0x00007ffc2bfd0000 - 0x00007ffc2c05e000 	C:\Users\igor6\.p2\pool\plugins\org.eclipse.justj.openjdk.hotspot.jre.full.win32.x86_64_23.0.0.v20240919-1706\jre\bin\msvcp140.dll
0x00007ffbec2f0000 - 0x00007ffbed0bd000 	C:\Users\igor6\.p2\pool\plugins\org.eclipse.justj.openjdk.hotspot.jre.full.win32.x86_64_23.0.0.v20240919-1706\jre\bin\server\jvm.dll
0x00007ffcb7560000 - 0x00007ffcb7614000 	C:\WINDOWS\System32\ADVAPI32.dll
0x00007ffcb7d30000 - 0x00007ffcb7dd6000 	C:\WINDOWS\System32\sechost.dll
0x00007ffcb7700000 - 0x00007ffcb7816000 	C:\WINDOWS\System32\RPCRT4.dll
0x00007ffcb9200000 - 0x00007ffcb9274000 	C:\WINDOWS\System32\WS2_32.dll
0x00007ffcb6490000 - 0x00007ffcb64de000 	C:\WINDOWS\SYSTEM32\POWRPROF.dll
0x00007ffcaad60000 - 0x00007ffcaad96000 	C:\WINDOWS\SYSTEM32\WINMM.dll
0x00007ffcaad20000 - 0x00007ffcaad2b000 	C:\WINDOWS\SYSTEM32\VERSION.dll
0x00007ffcb6370000 - 0x00007ffcb6384000 	C:\WINDOWS\SYSTEM32\UMPDC.dll
0x00007ffcb5500000 - 0x00007ffcb551a000 	C:\WINDOWS\SYSTEM32\kernel.appcore.dll
0x00007ffca87e0000 - 0x00007ffca87ea000 	C:\Users\igor6\.p2\pool\plugins\org.eclipse.justj.openjdk.hotspot.jre.full.win32.x86_64_23.0.0.v20240919-1706\jre\bin\jimage.dll
0x00007ffcaee50000 - 0x00007ffcaf091000 	C:\WINDOWS\SYSTEM32\DBGHELP.DLL
0x00007ffcb7de0000 - 0x00007ffcb815d000 	C:\WINDOWS\System32\combase.dll
0x00007ffcb7250000 - 0x00007ffcb7326000 	C:\WINDOWS\System32\OLEAUT32.dll
0x00007ffc4a110000 - 0x00007ffc4a149000 	C:\WINDOWS\SYSTEM32\dbgcore.DLL
0x00007ffcb6a70000 - 0x00007ffcb6b09000 	C:\WINDOWS\System32\bcryptPrimitives.dll
0x00007ffca83d0000 - 0x00007ffca83ee000 	C:\Users\igor6\.p2\pool\plugins\org.eclipse.justj.openjdk.hotspot.jre.full.win32.x86_64_23.0.0.v20240919-1706\jre\bin\java.dll
0x00007ffcb8230000 - 0x00007ffcb83c9000 	C:\WINDOWS\System32\ole32.dll
0x00007ffcb8470000 - 0x00007ffcb8b6f000 	C:\WINDOWS\System32\SHELL32.dll

dbghelp: loaded successfully - version: 4.0.5 - missing functions: none
symbol engine: initialized successfully - sym options: 0x614 - pdb path: .;C:\Users\igor6\.p2\pool\plugins\org.eclipse.justj.openjdk.hotspot.jre.full.win32.x86_64_23.0.0.v20240919-1706\jre\bin;C:\WINDOWS\SYSTEM32;C:\WINDOWS\WinSxS\amd64_microsoft.windows.common-controls_6595b64144ccf1df_6.0.26100.2161_none_3e0cadb0e33078e1;C:\Users\igor6\.p2\pool\plugins\org.eclipse.justj.openjdk.hotspot.jre.full.win32.x86_64_23.0.0.v20240919-1706\jre\bin\server

VM Arguments:
jvm_args: -Dfile.encoding=UTF-8 -Dstdout.encoding=UTF-8 -Dstderr.encoding=UTF-8 --module-path=C:\Users\igor6\Downloads\mysql-connector-j-9.0.0\mysql-connector-j-9.0.0\mysql-connector-j-9.0.0.jar -XX:+ShowCodeDetailsInExceptionMessages 
java_command: br.com.aula.conexao.Main
java_class_path (initial): C:\Users\igor6\eclipse-workspace\ConexaoDB\bin
Launcher Type: SUN_STANDARD

[Global flags]
     intx CICompilerCount                          = 12                                        {product} {ergonomic}
     uint ConcGCThreads                            = 3                                         {product} {ergonomic}
     uint G1ConcRefinementThreads                  = 13                                        {product} {ergonomic}
   size_t G1HeapRegionSize                         = 2097152                                   {product} {ergonomic}
   size_t InitialHeapSize                          = 268435456                                 {product} {ergonomic}
   size_t MarkStackSize                            = 4194304                                   {product} {ergonomic}
   size_t MarkStackSizeMax                         = 536870912                                 {product} {ergonomic}
   size_t MaxHeapSize                              = 4271898624                                {product} {ergonomic}
   size_t MinHeapDeltaBytes                        = 2097152                                   {product} {ergonomic}
   size_t MinHeapSize                              = 8388608                                   {product} {ergonomic}
    uintx NonNMethodCodeHeapSize                   = 7602176                                {pd product} {ergonomic}
    uintx NonProfiledCodeHeapSize                  = 122093568                              {pd product} {ergonomic}
    uintx ProfiledCodeHeapSize                     = 121962496                              {pd product} {ergonomic}
    uintx ReservedCodeCacheSize                    = 251658240                              {pd product} {ergonomic}
     bool SegmentedCodeCache                       = true                                      {product} {ergonomic}
     bool ShowCodeDetailsInExceptionMessages       = true                                   {manageable} {command line}
   size_t SoftMaxHeapSize                          = 4271898624                             {manageable} {ergonomic}
     bool UseCompressedOops                        = true                           {product lp64_product} {ergonomic}
     bool UseG1GC                                  = true                                      {product} {ergonomic}
     bool UseLargePagesIndividualAllocation        = false                                  {pd product} {ergonomic}

Logging:
Log output configuration:
 #0: stdout all=warning uptime,level,tags foldmultilines=false
 #1: stderr all=off uptime,level,tags foldmultilines=false

Environment Variables:
PATH=C:/Users/igor6/.p2/pool/plugins/org.eclipse.justj.openjdk.hotspot.jre.full.win32.x86_64_23.0.0.v20240919-1706/jre/bin/server;C:/Users/igor6/.p2/pool/plugins/org.eclipse.justj.openjdk.hotspot.jre.full.win32.x86_64_23.0.0.v20240919-1706/jre/bin;C:\Program Files (x86)\Common Files\Oracle\Java\java8path;C:\Program Files (x86)\Common Files\Oracle\Java\javapath;C:\WINDOWS\system32;C:\WINDOWS;C:\WINDOWS\System32\Wbem;C:\WINDOWS\System32\WindowsPowerShell\v1.0\;C:\WINDOWS\System32\OpenSSH\;C:\Program Files\dotnet\;C:\Users\igor6\AppData\Local\Microsoft\WindowsApps;;C:\WINDOWS\system32;
USERNAME=igor6
OS=Windows_NT
PROCESSOR_IDENTIFIER=AMD64 Family 25 Model 33 Stepping 2, AuthenticAMD
TMP=C:\Users\igor6\AppData\Local\Temp
TEMP=C:\Users\igor6\AppData\Local\Temp




Periodic native trim disabled

---------------  S Y S T E M  ---------------

OS:
 Windows 11 , 64 bit Build 26100 (10.0.26100.2161)
OS uptime: 0 days 8:38 hours

CPU: total 16 (initial active 16) (16 cores per cpu, 2 threads per core) family 25 model 33 stepping 2 microcode 0xa20120e, cx8, cmov, fxsr, ht, mmx, 3dnowpref, sse, sse2, sse3, ssse3, sse4a, sse4.1, sse4.2, popcnt, lzcnt, tsc, tscinvbit, avx, avx2, aes, erms, clmul, bmi1, bmi2, adx, sha, fma, vzeroupper, clflush, clflushopt, rdtscp, rdpid, fsrm, f16c, pku, cet_ss
Processor Information for the first 16 processors :
  Max Mhz: 3401, Current Mhz: 3401, Mhz Limit: 3401

Memory: 4k page, system-wide physical 16288M (3241M free)
TotalPageFile size 34273M (AvailPageFile size 153M)
current process WorkingSet (physical memory assigned to process): 13M, peak: 13M
current process commit charge ("private bytes"): 71M, peak: 327M

vm_info: OpenJDK 64-Bit Server VM (23+37) for windows-amd64 JRE (23+37), built on 2024-09-17T00:00:00Z with MS VC++ 17.7 (VS2022)

END.
